This is pdfTeXk, Version 3.141592-1.40.3 (Web2C 7.5.6) (format=pdflatex 2007.9.22)  20 NOV 2008 15:44
entering extended mode
 file:line:error style messages enabled.
**Samba4-HOWTO.tex
(./Samba4-HOWTO.tex
LaTeX2e <2005/12/01>
Babel <v3.8h> and hyphenation patterns for english, usenglishmax, dumylang, noh
yphenation, basque, bulgarian, coptic, welsh, czech, slovak, german, ngerman, d
anish, esperanto, spanish, catalan, galician, estonian, finnish, french, greek,
 monogreek, ancientgreek, croatian, hungarian, interlingua, ibycus, indonesian,
 icelandic, italian, latin, mongolian, dutch, norsk, polish, portuguese, pinyin
, romanian, russian, slovenian, uppersorbian, serbian, swedish, turkish, ukengl
ish, ukrainian, loaded.
(xslt/latex/sambadoc.cls
Document Class: sambadoc 2005/06/13 Samba Documentation class
(/usr/share/texmf/tex/latex/base/report.cls
Document Class: report 2005/09/16 v1.4f Standard LaTeX document class
(/usr/share/texmf/tex/latex/base/size11.clo
File: size11.clo 2005/09/16 v1.4f Standard LaTeX file (size option)
)
\c@part=\count79
\c@chapter=\count80
\c@section=\count81
\c@subsection=\count82
\c@subsubsection=\count83
\c@paragraph=\count84
\c@subparagraph=\count85
\c@figure=\count86
\c@table=\count87
\abovecaptionskip=\skip41
\belowcaptionskip=\skip42
\bibindent=\dimen102
)
\captsize=\skip43
\captwidth=\skip44
\beforetableskip=\skip45

(/usr/share/texmf/tex/latex/fancyhdr/fancyhdr.sty
\fancy@headwidth=\skip46
\f@ncyO@elh=\skip47
\f@ncyO@erh=\skip48
\f@ncyO@olh=\skip49
\f@ncyO@orh=\skip50
\f@ncyO@elf=\skip51
\f@ncyO@erf=\skip52
\f@ncyO@olf=\skip53
\f@ncyO@orf=\skip54
)
(/usr/share/texmf/tex/latex/listings/listings.sty
(/usr/share/texmf/tex/latex/graphics/keyval.sty
Package: keyval 1999/03/16 v1.13 key=value parser (DPC)
\KV@toks@=\toks14
)
\lst@mode=\count88
\lst@gtempboxa=\box26
\lst@token=\toks15
\lst@length=\count89
\lst@currlwidth=\dimen103
\lst@column=\count90
\lst@pos=\count91
\lst@lostspace=\dimen104
\lst@width=\dimen105
\lst@newlines=\count92
\lst@lineno=\count93
\c@lstlisting=\count94
\lst@maxwidth=\dimen106

(/usr/share/texmf/tex/latex/listings/lstpatch.sty
File: lstpatch.sty 2004/10/17 1.3b (Carsten Heinz)
)
(/usr/share/texmf/tex/latex/listings/lstmisc.sty
File: lstmisc.sty 2004/09/07 1.3 (Carsten Heinz)
\c@lstnumber=\count95
\lst@skipnumbers=\count96
\lst@framebox=\box27
)
(/usr/share/texmf/tex/latex/listings/listings.cfg
File: listings.cfg 2004/09/05 1.3 listings configuration
))
Package: listings 2004/10/17 1.3b (Carsten Heinz)

(/usr/share/texmf/tex/latex/xcolor/xcolor.sty
Package: xcolor 2007/01/21 v2.11 LaTeX color extensions (UK)

(/usr/share/texmf/tex/latex/config/color.cfg
File: color.cfg 2007/01/18 v1.5 color configuration of teTeX/TeXLive
)
Package xcolor Info: Driver file: pdftex.def on input line 225.

(/usr/share/texmf/tex/latex/pdftex-def/pdftex.def
File: pdftex.def 2007/01/08 v0.04d Graphics/color for pdfTeX
\Gread@gobject=\count97
)
Package xcolor Info: Model `cmy' substituted by `cmy0' on input line 1337.
Package xcolor Info: Model `hsb' substituted by `rgb' on input line 1341.
Package xcolor Info: Model `RGB' extended on input line 1353.
Package xcolor Info: Model `HTML' substituted by `rgb' on input line 1355.
Package xcolor Info: Model `Hsb' substituted by `hsb' on input line 1356.
Package xcolor Info: Model `tHsb' substituted by `hsb' on input line 1357.
Package xcolor Info: Model `HSB' substituted by `hsb' on input line 1358.
Package xcolor Info: Model `Gray' substituted by `gray' on input line 1359.
Package xcolor Info: Model `wave' substituted by `hsb' on input line 1360.
))
(/usr/share/texmf/tex/latex/base/ifthen.sty
Package: ifthen 2001/05/26 v1.1c Standard LaTeX ifthen package (DPC)
)
(/usr/share/texmf/tex/latex/graphics/graphicx.sty
Package: graphicx 1999/02/16 v1.0f Enhanced LaTeX Graphics (DPC,SPQR)

(/usr/share/texmf/tex/latex/graphics/graphics.sty
Package: graphics 2006/02/20 v1.0o Standard LaTeX Graphics (DPC,SPQR)

(/usr/share/texmf/tex/latex/graphics/trig.sty
Package: trig 1999/03/16 v1.09 sin cos tan (DPC)
)
(/usr/share/texmf/tex/latex/config/graphics.cfg
File: graphics.cfg 2007/01/18 v1.5 graphics configuration of teTeX/TeXLive
)
Package graphics Info: Driver file: pdftex.def on input line 90.
)
\Gin@req@height=\dimen107
\Gin@req@width=\dimen108
)
(/usr/share/texmf/tex/latex/base/latexsym.sty
Package: latexsym 1998/08/17 v2.2e Standard LaTeX package (lasy symbols)
\symlasy=\mathgroup4
LaTeX Font Info:    Overwriting symbol font `lasy' in version `bold'
(Font)                  U/lasy/m/n --> U/lasy/b/n on input line 47.
)
(/usr/share/texmf/tex/latex/tools/enumerate.sty
Package: enumerate 1999/03/05 v3.00 enumerate extensions (DPC)
\@enLab=\toks16
)
(/usr/share/texmf/tex/latex/fancybox/fancybox.sty
Package: fancybox 2000/09/19 1.3

Style option: `fancybox' v1.3 <2000/09/19> (tvz)
\@fancybox=\box28
\shadowsize=\dimen109
\@Sbox=\box29
\do@VerbBox=\toks17
\the@fancyput=\toks18
\this@fancyput=\toks19
\EndVerbatimTokens=\toks20
\Verbatim@Outfile=\write3
\Verbatim@Infile=\read1
) (/usr/share/texmf/tex/latex/float/float.sty
Package: float 2001/11/08 v1.3d Float enhancements (AL)
\c@float@type=\count98
\float@exts=\toks21
\float@box=\box30
\@float@everytoks=\toks22
\@floatcapt=\box31
)
(/usr/share/texmf/tex/latex/ragged2e.sty
Package: ragged2e 2003/03/25 v2.04 ragged2e Package (MS)

(/usr/share/texmf/tex/latex/everysel/everysel.sty
Package: everysel 1999/06/08 v1.03 EverySelectfont Package (MS)
)
\CenteringLeftskip=\skip55
\RaggedLeftLeftskip=\skip56
\RaggedRightLeftskip=\skip57
\CenteringRightskip=\skip58
\RaggedLeftRightskip=\skip59
\RaggedRightRightskip=\skip60
\CenteringParfillskip=\skip61
\RaggedLeftParfillskip=\skip62
\RaggedRightParfillskip=\skip63
\JustifyingParfillskip=\skip64
\CenteringParindent=\skip65
\RaggedLeftParindent=\skip66
\RaggedRightParindent=\skip67
\JustifyingParindent=\skip68
)
(/usr/share/texmf/tex/latex/fancyvrb/fancyvrb.sty
Package: fancyvrb 1998/07/17

Style option: `fancyvrb' v2.6, with DG/SPQR fixes <1998/07/17> (tvz)
\FV@CodeLineNo=\count99
\FV@InFile=\read2
\FV@TabBox=\box32
\c@FancyVerbLine=\count100
\FV@StepNumber=\count101
\FV@OutFile=\write4

No file fancyvrb.cfg.
) (/usr/share/texmf/tex/latex/ltxmisc/parskip.sty
Package: parskip 2001/04/09 non-zero parskip adjustments
)
(/usr/share/texmf/tex/latex/rotating/rotating.sty
Package: rotating 1997/09/26, v2.13 Rotation package
\c@r@tfl@t=\count102
\rot@float@box=\box33
)
(/usr/share/texmf/tex/latex/subfigure/subfigure.sty
Package: subfigure 2002/03/15 v2.1.5 subfigure package
\subfigtopskip=\skip69
\subfigcapskip=\skip70
\subfigcaptopadj=\dimen110
\subfigbottomskip=\skip71
\subfigcapmargin=\dimen111
\subfiglabelskip=\skip72
\c@subfigure=\count103
\c@lofdepth=\count104
\c@subtable=\count105
\c@lotdepth=\count106

****************************************
* Local config file subfigure.cfg used *
****************************************
(/usr/share/texmf/tex/latex/subfigure/subfigure.cfg)
\subfig@top=\skip73
\subfig@bottom=\skip74
)
(/usr/share/texmf/tex/latex/tools/tabularx.sty
Package: tabularx 1999/01/07 v2.07 `tabularx' package (DPC)

(/usr/share/texmf/tex/latex/tools/array.sty
Package: array 2005/08/23 v2.4b Tabular extension package (FMi)
\col@sep=\dimen112
\extrarowheight=\dimen113
\NC@list=\toks23
\extratabsurround=\skip75
\backup@length=\skip76
)
\TX@col@width=\dimen114
\TX@old@table=\dimen115
\TX@old@col=\dimen116
\TX@target=\dimen117
\TX@delta=\dimen118
\TX@cols=\count107
\TX@ftn=\toks24
)
(/usr/share/texmf/tex/latex/ltxmisc/url.sty
\Urlmuskip=\muskip10
Package: url 2005/06/27  ver 3.2  Verb mode for urls, etc.
)
(/usr/share/texmf/tex/latex/amsmath/amsmath.sty
Package: amsmath 2000/07/18 v2.13 AMS math features
\@mathmargin=\skip77

For additional information on amsmath, use the `?' option.
(/usr/share/texmf/tex/latex/amsmath/amstext.sty
Package: amstext 2000/06/29 v2.01

(/usr/share/texmf/tex/latex/amsmath/amsgen.sty
File: amsgen.sty 1999/11/30 v2.0
\@emptytoks=\toks25
\ex@=\dimen119
))
(/usr/share/texmf/tex/latex/amsmath/amsbsy.sty
Package: amsbsy 1999/11/29 v1.2d
\pmbraise@=\dimen120
)
(/usr/share/texmf/tex/latex/amsmath/amsopn.sty
Package: amsopn 1999/12/14 v2.01 operator names
)
\inf@bad=\count108
LaTeX Info: Redefining \frac on input line 211.
\uproot@=\count109
\leftroot@=\count110
LaTeX Info: Redefining \overline on input line 307.
\classnum@=\count111
\DOTSCASE@=\count112
LaTeX Info: Redefining \ldots on input line 379.
LaTeX Info: Redefining \dots on input line 382.
LaTeX Info: Redefining \cdots on input line 467.
\Mathstrutbox@=\box34
\strutbox@=\box35
\big@size=\dimen121
LaTeX Font Info:    Redeclaring font encoding OML on input line 567.
LaTeX Font Info:    Redeclaring font encoding OMS on input line 568.
\macc@depth=\count113
\c@MaxMatrixCols=\count114
\dotsspace@=\muskip11
\c@parentequation=\count115
\dspbrk@lvl=\count116
\tag@help=\toks26
\row@=\count117
\column@=\count118
\maxfields@=\count119
\andhelp@=\toks27
\eqnshift@=\dimen122
\alignsep@=\dimen123
\tagshift@=\dimen124
\tagwidth@=\dimen125
\totwidth@=\dimen126
\lineht@=\dimen127
\@envbody=\toks28
\multlinegap=\skip78
\multlinetaggap=\skip79
\mathdisplay@stack=\toks29
LaTeX Info: Redefining \[ on input line 2666.
LaTeX Info: Redefining \] on input line 2667.
)
(/usr/share/texmf/tex/latex/amscls/amsthm.sty
Package: amsthm 2004/08/06 v2.20
\thm@style=\toks30
\thm@bodyfont=\toks31
\thm@headfont=\toks32
\thm@notefont=\toks33
\thm@headpunct=\toks34
\thm@preskip=\skip80
\thm@postskip=\skip81
\thm@headsep=\skip82
\dth@everypar=\toks35
)
(/usr/share/texmf/tex/latex/amsfonts/amsfonts.sty
Package: amsfonts 2001/10/25 v2.2f
\symAMSa=\mathgroup5
\symAMSb=\mathgroup6
LaTeX Font Info:    Overwriting math alphabet `\mathfrak' in version `bold'
(Font)                  U/euf/m/n --> U/euf/b/n on input line 132.
)
(/usr/share/texmf/tex/latex/amsfonts/amssymb.sty
Package: amssymb 2002/01/22 v2.2d
)
(/usr/share/texmf/tex/latex/amsmath/amsxtra.sty
Package: amsxtra 1999/11/15 v1.2c
LaTeX Info: Redefining \nobreakspace on input line 77.
)
(/usr/share/texmf/tex/latex/hyperref/hyperref.sty
Package: hyperref 2007/02/07 v6.75r Hypertext links for LaTeX
\@linkdim=\dimen128
\Hy@linkcounter=\count120
\Hy@pagecounter=\count121

(/usr/share/texmf/tex/latex/hyperref/pd1enc.def
File: pd1enc.def 2007/02/07 v6.75r Hyperref: PDFDocEncoding definition (HO)
)
(/usr/share/texmf/tex/latex/config/hyperref.cfg
File: hyperref.cfg 2002/06/06 v1.2 hyperref configuration of TeXLive
)
(/usr/share/texmf/tex/latex/oberdiek/kvoptions.sty
Package: kvoptions 2006/08/22 v2.4 Connects package keyval with LaTeX options (
HO)
)
Package hyperref Info: Option `bookmarksnumbered' set `true' on input line 2238
.
Package hyperref Info: Option `colorlinks' set `true' on input line 2238.
Package hyperref Info: Option `bookmarks' set `true' on input line 2238.
Package hyperref Info: Option `breaklinks' set `true' on input line 2238.
Package hyperref Info: Option `linktocpage' set `true' on input line 2238.
Package hyperref Info: Option `plainpages' set `false' on input line 2238.
Package hyperref Info: Option `hyperfigures' set `true' on input line 2238.
Package hyperref Info: Option `hyperindex' set `true' on input line 2238.
Package hyperref Info: Hyper figures ON on input line 2286.
Package hyperref Info: Link nesting OFF on input line 2293.
Package hyperref Info: Hyper index ON on input line 2296.
Package hyperref Info: Plain pages OFF on input line 2303.
Package hyperref Info: Backreferencing ON on input line 2306.

Implicit mode ON; LaTeX internals redefined
Package hyperref Info: Bookmarks ON on input line 2444.
(/usr/share/texmf/tex/latex/hyperref/backref.sty
Package: backref 2006/10/06 v1.27 Bibliographical back referencing
)
LaTeX Info: Redefining \url on input line 2599.
\Fld@menulength=\count122
\Field@Width=\dimen129
\Fld@charsize=\dimen130
\Choice@toks=\toks36
\Field@toks=\toks37
Package hyperref Info: Hyper figures ON on input line 3100.
Package hyperref Info: Link nesting OFF on input line 3107.
Package hyperref Info: Hyper index ON on input line 3110.
Package hyperref Info: backreferencing ON on input line 3115.
Package hyperref Info: Link coloring ON on input line 3120.
\Hy@abspage=\count123
\c@Item=\count124
)
*hyperref using driver hpdftex*
(/usr/share/texmf/tex/latex/hyperref/hpdftex.def
File: hpdftex.def 2007/02/07 v6.75r Hyperref driver for pdfTeX
\Fld@listcount=\count125
)
\admlength=\skip83
\@float@every@figure=\toks38
\@float@every@table=\toks39
\@float@every@program=\toks40
\c@program=\count126
\@float@every@example=\toks41
\c@example=\count127
\@float@every@dbequation=\toks42
\c@dbequation=\count128
\@float@every@algorithm=\toks43
\c@algorithm=\count129
\docbooktolatextempskip=\skip84

(/usr/share/texmf/tex/generic/babel/babel.sty
Package: babel 2005/11/23 v3.8h The Babel package

(/usr/share/texmf/tex/generic/babel/english.ldf
Language: english 2005/03/30 v3.3o English support from the babel system

(/usr/share/texmf/tex/generic/babel/babel.def
File: babel.def 2005/11/23 v3.8h Babel common definitions
\babel@savecnt=\count130
\U@D=\dimen131
)
\l@canadian = a dialect from \language\l@american 
\l@australian = a dialect from \language\l@british 
\l@newzealand = a dialect from \language\l@british 
))
\docbooktolatexoldparskip=\skip85

(/usr/share/texmf/tex/latex/ucs/ucs.sty
Package: ucs 2004/10/17 UCS: Unicode input support

(/usr/share/texmf/tex/latex/ucs/data/uni-global.def
File: uni-global.def 2004/10/17 UCS: Unicode global data
)
\uc@secondtry=\count131
\uc@combtoks=\toks44
\uc@combtoksb=\toks45
\uc@temptokena=\toks46
)
(/usr/share/texmf/tex/latex/base/inputenc.sty
Package: inputenc 2006/05/05 v1.1b Input encoding file
\inpenc@prehook=\toks47
\inpenc@posthook=\toks48

(/usr/share/texmf/tex/latex/base/utf8.def
File: utf8.def 2006/03/30 v1.1i UTF-8 support for inputenc
Now handling font encoding OML ...
... no UTF-8 mapping file for font encoding OML
Now handling font encoding T1 ...
... processing UTF-8 mapping file for font encodingT1

(/usr/share/texmf/tex/latex/base/t1enc.dfu
File: t1enc.dfu 2006/03/30 v1.1i UTF-8 support for inputenc
   defining Unicode char U+00A1 (decimal 161)
   defining Unicode char U+00A3 (decimal 163)
   defining Unicode char U+00AB (decimal 171)
   defining Unicode char U+00BB (decimal 187)
   defining Unicode char U+00BF (decimal 191)
   defining Unicode char U+00C0 (decimal 192)
   defining Unicode char U+00C1 (decimal 193)
   defining Unicode char U+00C2 (decimal 194)
   defining Unicode char U+00C3 (decimal 195)
   defining Unicode char U+00C4 (decimal 196)
   defining Unicode char U+00C5 (decimal 197)
   defining Unicode char U+00C6 (decimal 198)
   defining Unicode char U+00C7 (decimal 199)
   defining Unicode char U+00C8 (decimal 200)
   defining Unicode char U+00C9 (decimal 201)
   defining Unicode char U+00CA (decimal 202)
   defining Unicode char U+00CB (decimal 203)
   defining Unicode char U+00CC (decimal 204)
   defining Unicode char U+00CD (decimal 205)
   defining Unicode char U+00CE (decimal 206)
   defining Unicode char U+00CF (decimal 207)
   defining Unicode char U+00D0 (decimal 208)
   defining Unicode char U+00D1 (decimal 209)
   defining Unicode char U+00D2 (decimal 210)
   defining Unicode char U+00D3 (decimal 211)
   defining Unicode char U+00D4 (decimal 212)
   defining Unicode char U+00D5 (decimal 213)
   defining Unicode char U+00D6 (decimal 214)
   defining Unicode char U+00D8 (decimal 216)
   defining Unicode char U+00D9 (decimal 217)
   defining Unicode char U+00DA (decimal 218)
   defining Unicode char U+00DB (decimal 219)
   defining Unicode char U+00DC (decimal 220)
   defining Unicode char U+00DD (decimal 221)
   defining Unicode char U+00DE (decimal 222)
   defining Unicode char U+00DF (decimal 223)
   defining Unicode char U+00E0 (decimal 224)
   defining Unicode char U+00E1 (decimal 225)
   defining Unicode char U+00E2 (decimal 226)
   defining Unicode char U+00E3 (decimal 227)
   defining Unicode char U+00E4 (decimal 228)
   defining Unicode char U+00E5 (decimal 229)
   defining Unicode char U+00E6 (decimal 230)
   defining Unicode char U+00E7 (decimal 231)
   defining Unicode char U+00E8 (decimal 232)
   defining Unicode char U+00E9 (decimal 233)
   defining Unicode char U+00EA (decimal 234)
   defining Unicode char U+00EB (decimal 235)
   defining Unicode char U+00EC (decimal 236)
   defining Unicode char U+00ED (decimal 237)
   defining Unicode char U+00EE (decimal 238)
   defining Unicode char U+00EF (decimal 239)
   defining Unicode char U+00F0 (decimal 240)
   defining Unicode char U+00F1 (decimal 241)
   defining Unicode char U+00F2 (decimal 242)
   defining Unicode char U+00F3 (decimal 243)
   defining Unicode char U+00F4 (decimal 244)
   defining Unicode char U+00F5 (decimal 245)
   defining Unicode char U+00F6 (decimal 246)
   defining Unicode char U+00F8 (decimal 248)
   defining Unicode char U+00F9 (decimal 249)
   defining Unicode char U+00FA (decimal 250)
   defining Unicode char U+00FB (decimal 251)
   defining Unicode char U+00FC (decimal 252)
   defining Unicode char U+00FD (decimal 253)
   defining Unicode char U+00FE (decimal 254)
   defining Unicode char U+00FF (decimal 255)
   defining Unicode char U+0102 (decimal 258)
   defining Unicode char U+0103 (decimal 259)
   defining Unicode char U+0104 (decimal 260)
   defining Unicode char U+0105 (decimal 261)
   defining Unicode char U+0106 (decimal 262)
   defining Unicode char U+0107 (decimal 263)
   defining Unicode char U+010C (decimal 268)
   defining Unicode char U+010D (decimal 269)
   defining Unicode char U+010E (decimal 270)
   defining Unicode char U+010F (decimal 271)
   defining Unicode char U+0110 (decimal 272)
   defining Unicode char U+0111 (decimal 273)
   defining Unicode char U+0118 (decimal 280)
   defining Unicode char U+0119 (decimal 281)
   defining Unicode char U+011A (decimal 282)
   defining Unicode char U+011B (decimal 283)
   defining Unicode char U+011E (decimal 286)
   defining Unicode char U+011F (decimal 287)
   defining Unicode char U+0130 (decimal 304)
   defining Unicode char U+0131 (decimal 305)
   defining Unicode char U+0132 (decimal 306)
   defining Unicode char U+0133 (decimal 307)
   defining Unicode char U+0139 (decimal 313)
   defining Unicode char U+013A (decimal 314)
   defining Unicode char U+013D (decimal 317)
   defining Unicode char U+013E (decimal 318)
   defining Unicode char U+0141 (decimal 321)
   defining Unicode char U+0142 (decimal 322)
   defining Unicode char U+0143 (decimal 323)
   defining Unicode char U+0144 (decimal 324)
   defining Unicode char U+0147 (decimal 327)
   defining Unicode char U+0148 (decimal 328)
   defining Unicode char U+014A (decimal 330)
   defining Unicode char U+014B (decimal 331)
   defining Unicode char U+0150 (decimal 336)
   defining Unicode char U+0151 (decimal 337)
   defining Unicode char U+0152 (decimal 338)
   defining Unicode char U+0153 (decimal 339)
   defining Unicode char U+0154 (decimal 340)
   defining Unicode char U+0155 (decimal 341)
   defining Unicode char U+0158 (decimal 344)
   defining Unicode char U+0159 (decimal 345)
   defining Unicode char U+015A (decimal 346)
   defining Unicode char U+015B (decimal 347)
   defining Unicode char U+015E (decimal 350)
   defining Unicode char U+015F (decimal 351)
   defining Unicode char U+0160 (decimal 352)
   defining Unicode char U+0161 (decimal 353)
   defining Unicode char U+0162 (decimal 354)
   defining Unicode char U+0163 (decimal 355)
   defining Unicode char U+0164 (decimal 356)
   defining Unicode char U+0165 (decimal 357)
   defining Unicode char U+016E (decimal 366)
   defining Unicode char U+016F (decimal 367)
   defining Unicode char U+0170 (decimal 368)
   defining Unicode char U+0171 (decimal 369)
   defining Unicode char U+0178 (decimal 376)
   defining Unicode char U+0179 (decimal 377)
   defining Unicode char U+017A (decimal 378)
   defining Unicode char U+017B (decimal 379)
   defining Unicode char U+017C (decimal 380)
   defining Unicode char U+017D (decimal 381)
   defining Unicode char U+017E (decimal 382)
   defining Unicode char U+200C (decimal 8204)
   defining Unicode char U+2013 (decimal 8211)
   defining Unicode char U+2014 (decimal 8212)
   defining Unicode char U+2018 (decimal 8216)
   defining Unicode char U+2019 (decimal 8217)
   defining Unicode char U+201A (decimal 8218)
   defining Unicode char U+201C (decimal 8220)
   defining Unicode char U+201D (decimal 8221)
   defining Unicode char U+201E (decimal 8222)
   defining Unicode char U+2030 (decimal 8240)
   defining Unicode char U+2031 (decimal 8241)
   defining Unicode char U+2039 (decimal 8249)
   defining Unicode char U+203A (decimal 8250)
   defining Unicode char U+2423 (decimal 9251)
)
Now handling font encoding OT1 ...
... processing UTF-8 mapping file for font encodingOT1

(/usr/share/texmf/tex/latex/base/ot1enc.dfu
File: ot1enc.dfu 2006/03/30 v1.1i UTF-8 support for inputenc
   defining Unicode char U+00A1 (decimal 161)
   defining Unicode char U+00A3 (decimal 163)
   defining Unicode char U+00B8 (decimal 184)
   defining Unicode char U+00BF (decimal 191)
   defining Unicode char U+00C5 (decimal 197)
   defining Unicode char U+00C6 (decimal 198)
   defining Unicode char U+00D8 (decimal 216)
   defining Unicode char U+00DF (decimal 223)
   defining Unicode char U+00E6 (decimal 230)
   defining Unicode char U+00EC (decimal 236)
   defining Unicode char U+00ED (decimal 237)
   defining Unicode char U+00EE (decimal 238)
   defining Unicode char U+00EF (decimal 239)
   defining Unicode char U+00F8 (decimal 248)
   defining Unicode char U+0131 (decimal 305)
   defining Unicode char U+0141 (decimal 321)
   defining Unicode char U+0142 (decimal 322)
   defining Unicode char U+0152 (decimal 338)
   defining Unicode char U+0153 (decimal 339)
   defining Unicode char U+2013 (decimal 8211)
   defining Unicode char U+2014 (decimal 8212)
   defining Unicode char U+2018 (decimal 8216)
   defining Unicode char U+2019 (decimal 8217)
   defining Unicode char U+201C (decimal 8220)
   defining Unicode char U+201D (decimal 8221)
)
Now handling font encoding OMS ...
... processing UTF-8 mapping file for font encodingOMS

(/usr/share/texmf/tex/latex/base/omsenc.dfu
File: omsenc.dfu 2006/03/30 v1.1i UTF-8 support for inputenc
   defining Unicode char U+00A7 (decimal 167)
   defining Unicode char U+00B6 (decimal 182)
   defining Unicode char U+00B7 (decimal 183)
   defining Unicode char U+2020 (decimal 8224)
   defining Unicode char U+2021 (decimal 8225)
   defining Unicode char U+2022 (decimal 8226)
)
Now handling font encoding OMX ...
... no UTF-8 mapping file for font encoding OMX
Now handling font encoding U ...
... no UTF-8 mapping file for font encoding U
Now handling font encoding PD1 ...
... no UTF-8 mapping file for font encoding PD1
   defining Unicode char U+00A9 (decimal 169)
   defining Unicode char U+00AA (decimal 170)
   defining Unicode char U+00AE (decimal 174)
   defining Unicode char U+00BA (decimal 186)
   defining Unicode char U+02C6 (decimal 710)
   defining Unicode char U+02DC (decimal 732)
   defining Unicode char U+200C (decimal 8204)
   defining Unicode char U+2026 (decimal 8230)
   defining Unicode char U+2122 (decimal 8482)
   defining Unicode char U+2423 (decimal 9251)
))
\saveparskip=\skip86
\saveparindent=\skip87
\tempparskip=\skip88
\tempparindent=\skip89
\@indexfile=\write5
\openout5 = `Samba4-HOWTO.idx'.


Writing index file Samba4-HOWTO.idx
\@glossaryfile=\write6
\openout6 = `Samba4-HOWTO.glo'.

Writing glossary file Samba4-HOWTO.glo 
(./Samba4-HOWTO.aux (./gpl.aux))
\openout1 = `Samba4-HOWTO.aux'.

LaTeX Font Info:    Checking defaults for OML/cmm/m/it on input line 370.
LaTeX Font Info:    ... okay on input line 370.
LaTeX Font Info:    Checking defaults for T1/cmr/m/n on input line 370.
LaTeX Font Info:    ... okay on input line 370.
LaTeX Font Info:    Checking defaults for OT1/cmr/m/n on input line 370.
LaTeX Font Info:    ... okay on input line 370.
LaTeX Font Info:    Checking defaults for OMS/cmsy/m/n on input line 370.
LaTeX Font Info:    ... okay on input line 370.
LaTeX Font Info:    Checking defaults for OMX/cmex/m/n on input line 370.
LaTeX Font Info:    ... okay on input line 370.
LaTeX Font Info:    Checking defaults for U/cmr/m/n on input line 370.
LaTeX Font Info:    ... okay on input line 370.
LaTeX Font Info:    Checking defaults for PD1/pdf/m/n on input line 370.
LaTeX Font Info:    ... okay on input line 370.
LaTeX Info: Redefining \selectfont on input line 370.
Package hyperref Info: Link coloring ON on input line 370.

(/usr/share/texmf/tex/latex/hyperref/nameref.sty
Package: nameref 2006/12/27 v2.28 Cross-referencing by name of section

(/usr/share/texmf/tex/latex/oberdiek/refcount.sty
Package: refcount 2006/02/20 v3.0 Data extraction from references (HO)
)
\c@section@level=\count132
)
LaTeX Info: Redefining \ref on input line 370.
LaTeX Info: Redefining \pageref on input line 370.
 (./Samba4-HOWTO.out)
(./Samba4-HOWTO.out)
\@outlinefile=\write7
\openout7 = `Samba4-HOWTO.out'.

LaTeX Info: Redefining \ref on input line 370.
LaTeX Info: Redefining \pageref on input line 370.
 (/usr/share/texmf/tex/latex/ucs/ucsencs.def
File: ucsencs.def 2003/11/29 Fixes to fontencodings LGR, T3
)

Package ucs Warning: ***************************
(ucs)                You seem to have loaded inputencoding utf8
(ucs)                (LaTeX kernel UTF-8) instead of utf8x (ucs.sty UTF-8).
(ucs)                Probably you are compiling a document written for a
(ucs)                pre-august-2004 ucs.sty.
(ucs)                ***************************
(ucs)                Please use \usepackage[utf8x]{inputenc} instead of
(ucs)                \usepackage[utf8]{inputenc}.
(ucs)                ***************************
(ucs)                If you should really want to use ucs.sty and kernel's
(ucs)                utf8.def together, use \usepackage[utf8x,utf8]{inputenc}
(ucs)                to disable compatibility mode
(ucs)                ***************************
(ucs)                Activating compatibility mode.
(ucs)                ***************************
(ucs)                 on input line 370.

(/usr/share/texmf/tex/latex/ucs/utf8x.def
File: utf8x.def 2004/10/17 UCS: Input encoding UTF-8
)
LaTeX Font Info:    Try loading font information for U+lasy on input line 371.

(/usr/share/texmf/tex/latex/base/ulasy.fd
File: ulasy.fd 1998/08/17 v2.2e LaTeX symbol font definitions
)
LaTeX Font Info:    Try loading font information for U+msa on input line 371.

(/usr/share/texmf/tex/latex/amsfonts/umsa.fd
File: umsa.fd 2002/01/19 v2.2g AMS font definitions
)
LaTeX Font Info:    Try loading font information for U+msb on input line 371.

(/usr/share/texmf/tex/latex/amsfonts/umsb.fd
File: umsb.fd 2002/01/19 v2.2g AMS font definitions
) [1


{/var/lib/texmf/fonts/map/pdftex/updmap/pdftex.map}]

Package hyperref Warning: No destination for bookmark of \addcontentsline,
(hyperref)                destination is added on input line 376.


Package hyperref Warning: Token not allowed in a PDFDocEncoded string,
(hyperref)                removing `\uppercase' on input line 376.


Package Fancyhdr Warning: \headheight is too small (12.0pt): 
 Make it at least 13.59999pt.
 We now make it that large for the rest of the document.
 This may cause the page layout to be inconsistent, however.

[5

]

Package hyperref Warning: Token not allowed in a PDFDocEncoded string,
(hyperref)                removing `\uppercase' on input line 382.

[6

] (./Samba4-HOWTO.toc

./Samba4-HOWTO.toc:2: LaTeX Error: Something's wrong--perhaps a missing \item.

See the LaTeX manual or LaTeX Companion for explanation.
Type  H <return>  for immediate help.
 ...                                              
                                                  
l.2 ...r}{\uppercase {Attribution}}{v}{section*.1}
                                                  
Try typing  <return>  to proceed.
If that doesn't work, type  X <return>  to quit.

[7

]
Overfull \hbox (9.9728pt too wide) in paragraph at lines 36--36
  \OT1/cmr/bx/n/10.95 Chap-ter []ACTIVE DI-REC-TORY - DO-MAIN CON-TROLLER []  
 []


Overfull \hbox (6.1442pt too wide) detected at line 41
 [][][]\OT1/cmr/m/n/10.95 xxxv[][]
 []


Underfull \vbox (badness 4024) has occurred while \output is active []

 [8]
Overfull \hbox (0.97331pt too wide) detected at line 50
 [][][]\OT1/cmr/m/n/10.95 xliii[][]
 []


Overfull \hbox (0.97331pt too wide) detected at line 51
 [][][]\OT1/cmr/m/n/10.95 xliii[][]
 []


Overfull \hbox (0.97331pt too wide) detected at line 52
 [][][]\OT1/cmr/m/n/10.95 xliii[][]
 []


Overfull \hbox (0.97331pt too wide) detected at line 53
 [][][]\OT1/cmr/m/n/10.95 xliii[][]
 []

)
\tf@toc=\write8
\openout8 = `Samba4-HOWTO.toc'.

 [9] [10

]pdfTeX warning (ext4): destination with the same identifier (name{page.ix}) ha
s been already used, duplicate ignored
<to be read again> 
                   \relax 
l.406 \part{Introduction to SMB networks}
                                          [9

]pdfTeX warning (ext4): destination with the same identifier (name{page.x}) has
 been already used, duplicate ignored
<to be read again> 
                   \relax 
l.406 \part{Introduction to SMB networks}
                                          [10] [11]
Chapter 1.

Package hyperref Warning: Token not allowed in a PDFDocEncoded string,
(hyperref)                removing `\uppercase' on input line 416.


LaTeX Warning: Citation `Hertel' on page xii undefined on input line 421.


LaTeX Warning: Citation ` 2003' on page xii undefined on input line 421.

[12

] [13] [14] [15]
Chapter 2.

Package hyperref Warning: Token not allowed in a PDFDocEncoded string,
(hyperref)                removing `\uppercase' on input line 497.

[16

]pdfTeX warning (ext4): destination with the same identifier (name{page.xv}) ha
s been already used, duplicate ignored
<to be read again> 
                   \relax 
l.538 \part{Samba 4 Basics}
                            [15

]pdfTeX warning (ext4): destination with the same identifier (name{page.xvi}) h
as been already used, duplicate ignored
<to be read again> 
                   \relax 
l.538 \part{Samba 4 Basics}
                            [16] [17]
Chapter 3.

Package hyperref Warning: Token not allowed in a PDFDocEncoded string,
(hyperref)                removing `\uppercase' on input line 546.

[18

]
Chapter 4.

Package hyperref Warning: Token not allowed in a PDFDocEncoded string,
(hyperref)                removing `\uppercase' on input line 554.

[19

] [20

]pdfTeX warning (ext4): destination with the same identifier (name{page.xix}) h
as been already used, duplicate ignored
<to be read again> 
                   \relax 
l.561 \part{Network model}
                           [19]pdfTeX warning (ext4): destination with the same
 identifier (name{page.xx}) has been already used, duplicate ignored
<to be read again> 
                   \relax 
l.561 \part{Network model}
                           [20] [21] [22

]pdfTeX warning (ext4): destination with the same identifier (name{page.xxi}) h
as been already used, duplicate ignored
<to be read again> 
                   \relax 
l.570 \part{Network Model: Share-based security}
                                                 [21]pdfTeX warning (ext4): des
tination with the same identifier (name{page.xxii}) has been already used, dupl
icate ignored
<to be read again> 
                   \relax 
l.570 \part{Network Model: Share-based security}
                                                 [22]
Chapter 5.

Package hyperref Warning: Token not allowed in a PDFDocEncoded string,
(hyperref)                removing `\uppercase' on input line 576.

[23

] [24

]pdfTeX warning (ext4): destination with the same identifier (name{page.xxiii})
 has been already used, duplicate ignored
<to be read again> 
                   \relax 
l.585 \part{Network Model: User-based security}
                                                [23]pdfTeX warning (ext4): dest
ination with the same identifier (name{page.xxiv}) has been already used, dupli
cate ignored
<to be read again> 
                   \relax 
l.585 \part{Network Model: User-based security}
                                                [24]
Chapter 6.

Package hyperref Warning: Token not allowed in a PDFDocEncoded string,
(hyperref)                removing `\uppercase' on input line 591.

[25

] [26

]pdfTeX warning (ext4): destination with the same identifier (name{page.xxv}) h
as been already used, duplicate ignored
<to be read again> 
                   \relax 
l.600 \part{Network Model: NT4-style domains}
                                              [25]pdfTeX warning (ext4): destin
ation with the same identifier (name{page.xxvi}) has been already used, duplica
te ignored
<to be read again> 
                   \relax 
l.600 \part{Network Model: NT4-style domains}
                                              [26]
Chapter 7.

Package hyperref Warning: Token not allowed in a PDFDocEncoded string,
(hyperref)                removing `\uppercase' on input line 606.

[27

]
Chapter 8.

Package hyperref Warning: Token not allowed in a PDFDocEncoded string,
(hyperref)                removing `\uppercase' on input line 612.

[28

]
Chapter 9.

Package hyperref Warning: Token not allowed in a PDFDocEncoded string,
(hyperref)                removing `\uppercase' on input line 618.

[29

] [30

]pdfTeX warning (ext4): destination with the same identifier (name{page.xxix}) 
has been already used, duplicate ignored
<to be read again> 
                   \relax 
l.625 \part{Network Model - Active Directory}
                                              [29]pdfTeX warning (ext4): destin
ation with the same identifier (name{page.xxx}) has been already used, duplicat
e ignored
<to be read again> 
                   \relax 
l.625 \part{Network Model - Active Directory}
                                              [30]
Chapter 10.

Package hyperref Warning: Token not allowed in a PDFDocEncoded string,
(hyperref)                removing `\uppercase' on input line 631.

[31

]
Chapter 11.

Package hyperref Warning: Token not allowed in a PDFDocEncoded string,
(hyperref)                removing `\uppercase' on input line 637.

[32

]pdfTeX warning (ext4): destination with the same identifier (name{page.xxxi}) 
has been already used, duplicate ignored
<to be read again> 
                   \relax 
l.644 \part{Common services}
                             [31

]pdfTeX warning (ext4): destination with the same identifier (name{page.xxxii})
 has been already used, duplicate ignored
<to be read again> 
                   \relax 
l.644 \part{Common services}
                             [32] [33]
Chapter 12.

Package hyperref Warning: Token not allowed in a PDFDocEncoded string,
(hyperref)                removing `\uppercase' on input line 652.

[34

]
Chapter 13.

Package hyperref Warning: Token not allowed in a PDFDocEncoded string,
(hyperref)                removing `\uppercase' on input line 658.

[35

]
Chapter 14.

Package hyperref Warning: Token not allowed in a PDFDocEncoded string,
(hyperref)                removing `\uppercase' on input line 669.

[36

]
Chapter 15.

Package hyperref Warning: Token not allowed in a PDFDocEncoded string,
(hyperref)                removing `\uppercase' on input line 675.

[37

] [38

]pdfTeX warning (ext4): destination with the same identifier (name{page.xxxvii}
) has been already used, duplicate ignored
<to be read again> 
                   \relax 
l.682 \part{Clients}
                     [37]pdfTeX warning (ext4): destination with the same ident
ifier (name{page.xxxviii}) has been already used, duplicate ignored
<to be read again> 
                   \relax 
l.682 \part{Clients}
                     [38] [39]
Chapter 16.

Package hyperref Warning: Token not allowed in a PDFDocEncoded string,
(hyperref)                removing `\uppercase' on input line 690.

[40

]
Chapter 17.

Package hyperref Warning: Token not allowed in a PDFDocEncoded string,
(hyperref)                removing `\uppercase' on input line 696.

[41

]
Chapter 18.

Package hyperref Warning: Token not allowed in a PDFDocEncoded string,
(hyperref)                removing `\uppercase' on input line 702.

[42

]pdfTeX warning (ext4): destination with the same identifier (name{page.xli}) h
as been already used, duplicate ignored
<to be read again> 
                   \relax 
l.709 \part{Appendices}
                        [41

]pdfTeX warning (ext4): destination with the same identifier (name{page.xlii}) 
has been already used, duplicate ignored
<to be read again> 
                   \relax 
l.709 \part{Appendices}
                        [42]
Chapter 19.

Package hyperref Warning: Token not allowed in a PDFDocEncoded string,
(hyperref)                removing `\uppercase' on input line 715.

[43

]

Package hyperref Warning: Token not allowed in a PDFDocEncoded string,
(hyperref)                removing `\uppercase' on input line 738.

(./Samba4-HOWTO.lof)
\tf@lof=\write9
\openout9 = `Samba4-HOWTO.lof'.

 [44

]

Package hyperref Warning: Token not allowed in a PDFDocEncoded string,
(hyperref)                removing `\uppercase' on input line 739.

(./Samba4-HOWTO.lot)
\tf@lot=\write10
\openout10 = `Samba4-HOWTO.lot'.

 [45

]
\openout2 = `gpl.aux'.


No file gpl.tex.
[46



] (./Samba4-HOWTO.ind) [47



] (./Samba4-HOWTO.aux (./gpl.aux)) ) 
Here is how much of TeX's memory you used:
 7632 strings out of 94079
 100682 string characters out of 1165775
 181332 words of memory out of 3500000
 10582 multiletter control sequences out of 10000+50000
 18544 words of font info for 73 fonts, out of 1200000 for 2000
 645 hyphenation exceptions out of 8191
 33i,11n,45p,659b,405s stack positions out of 5000i,500n,6000p,200000b,5000s
pdfTeX warning (dest): name{id2408201} has 
been referenced but does not exist, replaced by a fixed one

</usr/share/texmf/fonts/type1/bluesky/cm/cmbx10.pfb></usr/share/texmf/fonts/typ
e1/bluesky/cm/cmbx12.pfb></usr/share/texmf/fonts/type1/bluesky/cm/cmr10.pfb></u
sr/share/texmf/fonts/type1/bluesky/cm/cmr12.pfb></usr/share/texmf/fonts/type1/b
luesky/cm/cmr6.pfb></usr/share/texmf/fonts/type1/bluesky/cm/cmr8.pfb></usr/shar
e/texmf/fonts/type1/bluesky/cm/cmr9.pfb></usr/share/texmf/fonts/type1/bluesky/c
m/cmss17.pfb></usr/share/texmf/fonts/type1/bluesky/cm/cmss8.pfb></usr/share/tex
mf/fonts/type1/bluesky/cm/cmssbx10.pfb>
Output written on Samba4-HOWTO.pdf (64 pages, 158027 bytes).
PDF statistics:
 663 PDF objects out of 1000 (max. 8388607)
 153 named destinations out of 1000 (max. 131072)
 465 words of extra memory for PDF output out of 10000 (max. 10000000)

