This file contains any messages produced by compilers while
running configure, to aid debugging if configure makes a mistake.

It was created by configure, which was
generated by GNU Autoconf 2.61.  Invocation command line was

  $ ./configure --with-papersize=letter

## --------- ##
## Platform. ##
## --------- ##

hostname = bando
uname -m = i686
uname -r = 2.6.22.19-0.1-default
uname -s = Linux
uname -v = #1 SMP 2008-10-14 22:17:43 +0200

/usr/bin/uname -p = unknown
/bin/uname -X     = unknown

/bin/arch              = i686
/usr/bin/arch -k       = unknown
/usr/convex/getsysinfo = unknown
/usr/bin/hostinfo      = unknown
/bin/machine           = unknown
/usr/bin/oslevel       = unknown
/bin/universe          = unknown

PATH: /opt/kde3/bin
PATH: /home/kseeger/bin
PATH: /usr/local/bin
PATH: /usr/bin
PATH: /bin
PATH: /usr/bin/X11
PATH: /usr/X11R6/bin
PATH: /usr/games
PATH: /usr/lib/jvm/jre/bin
PATH: /usr/lib/mit/bin
PATH: /usr/lib/mit/sbin


## ----------- ##
## Core tests. ##
## ----------- ##

configure:1664: checking for xsltproc
configure:1680: found /usr/bin/xsltproc
configure:1691: result: xsltproc
configure:1715: checking for rm
configure:1731: found /bin/rm
configure:1742: result: rm
configure:1766: checking for inkscape
configure:1782: found /usr/bin/inkscape
configure:1793: result: inkscape
configure:1817: checking for inkscape
configure:1844: result: inkscape
configure:1868: checking for inkscape
configure:1895: result: inkscape
configure:1919: checking for inkscape
configure:1946: result: inkscape
configure:1970: checking for inkscape
configure:1997: result: inkscape
configure:2021: checking for inkscape
configure:2048: result: inkscape
configure:2072: checking for inkscape
configure:2099: result: inkscape
configure:2123: checking for inkscape
configure:2150: result: inkscape
configure:2190: checking for makeindex
configure:2206: found /usr/bin/makeindex
configure:2217: result: makeindex
configure:2241: checking for pdflatex
configure:2257: found /usr/bin/pdflatex
configure:2268: result: pdflatex
configure:2292: checking for epstopdf
configure:2308: found /usr/bin/epstopdf
configure:2319: result: epstopdf
configure:2343: checking for thumbpdf
configure:2359: found /usr/bin/thumbpdf
configure:2370: result: thumbpdf
configure:2394: checking for pngtopnm
configure:2410: found /usr/bin/pngtopnm
configure:2421: result: pngtopnm
configure:2445: checking for pnmtops
configure:2461: found /usr/bin/pnmtops
configure:2472: result: pnmtops
configure:2496: checking for latex
configure:2512: found /usr/bin/latex
configure:2523: result: latex
configure:2547: checking for dvips
configure:2563: found /usr/bin/dvips
configure:2574: result: dvips
configure:2598: checking for plucker-build
configure:2628: result: no
configure:2649: checking for html2text
configure:2679: result: no
configure:2700: checking for perl
configure:2716: found /usr/bin/perl
configure:2727: result: perl
configure:2751: checking for xmllint
configure:2767: found /usr/bin/xmllint
configure:2778: result: xmllint
configure:2802: checking for fop
configure:2818: found /usr/bin/fop
configure:2829: result: fop
configure:2853: checking for docbook2x-texi
configure:2883: result: no
configure:2904: checking for makeinfo
configure:2920: found /usr/bin/makeinfo
configure:2931: result: makeinfo
configure:2951: checking for param/loadparm.c
configure:2965: result: not found
configure:2973: result: 
configure:2975: result: Summary:
configure:2977: result: --------------
configure:3116: result: Building the plucker versions requires : plucker-build 
configure:3158: result: Building the TexInfo versions requires : docbook2x-texi 
configure:3186: result: Building the list of undocumented options requires : SAMBASOURCEDIR 
configure:3200: result: Building the text versions requires : html2text 
configure:3210: result: You will be able to build:   tex pdf ps html htmlhelp htmlman3 manpages3 pearson  fo-pdf texiinfo
configure:3348: creating ./config.status

## ---------------------- ##
## Running config.status. ##
## ---------------------- ##

This file was extended by config.status, which was
generated by GNU Autoconf 2.61.  Invocation command line was

  CONFIG_FILES    = 
  CONFIG_HEADERS  = 
  CONFIG_LINKS    = 
  CONFIG_COMMANDS = 
  $ ./config.status 

on bando

config.status:587: creating Makefile.settings
config.status:587: creating build/catalog.xml

## ---------------- ##
## Cache variables. ##
## ---------------- ##

ac_cv_env_build_alias_set=
ac_cv_env_build_alias_value=
ac_cv_env_host_alias_set=
ac_cv_env_host_alias_value=
ac_cv_env_target_alias_set=
ac_cv_env_target_alias_value=
ac_cv_prog_DVIPS=dvips
ac_cv_prog_EPSTOPDF=epstopdf
ac_cv_prog_FOP=fop
ac_cv_prog_INKSCAPE=inkscape
ac_cv_prog_LATEX=latex
ac_cv_prog_MAKEINDEX=makeindex
ac_cv_prog_MAKEINFO=makeinfo
ac_cv_prog_PDFLATEX=pdflatex
ac_cv_prog_PERL=perl
ac_cv_prog_PNGTOPNM=pngtopnm
ac_cv_prog_PNMTOPS=pnmtops
ac_cv_prog_RM=rm
ac_cv_prog_THUMBPDF=thumbpdf
ac_cv_prog_XMLLINT=xmllint
ac_cv_prog_XSLTPROC=xsltproc

## ----------------- ##
## Output variables. ##
## ----------------- ##

DB2TEXI=''
DEFS='-DPACKAGE_NAME=\"\" -DPACKAGE_TARNAME=\"\" -DPACKAGE_VERSION=\"\" -DPACKAGE_STRING=\"\" -DPACKAGE_BUGREPORT=\"\"'
DOC_BUILD_DATE='20-11-2008'
DVIPS='dvips'
ECHO_C=''
ECHO_N='-n'
ECHO_T=''
EPSTOPDF='epstopdf'
FOP='fop'
HTML2TEXT=''
INKSCAPE='inkscape'
LATEX='latex'
LATEX_DOCUMENTCLASS_OPTIONS='letterpaper,11pt,openright,twoside'
LIBOBJS=''
LIBS=''
LTLIBOBJS=''
MAKEINDEX='makeindex'
MAKEINFO='makeinfo'
PACKAGE_BUGREPORT=''
PACKAGE_NAME=''
PACKAGE_STRING=''
PACKAGE_TARNAME=''
PACKAGE_VERSION=''
PATH_SEPARATOR=':'
PDFLATEX='pdflatex'
PERL='perl'
PLUCKERBUILD=''
PNGTOPNM='pngtopnm'
PNMTOPS='pnmtops'
RM='rm'
SAMBASOURCEDIR=''
SHELL='/bin/sh'
TARGETS='  tex pdf ps html htmlhelp htmlman3 manpages3 pearson  fo-pdf texiinfo'
THUMBPDF='thumbpdf'
XMLLINT='xmllint'
XSLTPROC='xsltproc'
bindir='${exec_prefix}/bin'
build_alias=''
datadir='${datarootdir}'
datarootdir='${prefix}/share'
docdir='${datarootdir}/doc/${PACKAGE}'
dvidir='${docdir}'
exec_prefix='${prefix}'
host_alias=''
htmldir='${docdir}'
includedir='${prefix}/include'
infodir='${datarootdir}/info'
libdir='${exec_prefix}/lib'
libexecdir='${exec_prefix}/libexec'
localedir='${datarootdir}/locale'
localstatedir='${prefix}/var'
mandir='${datarootdir}/man'
oldincludedir='/usr/include'
pdfdir='${docdir}'
prefix='/usr/local'
program_transform_name='s,x,x,'
psdir='${docdir}'
sbindir='${exec_prefix}/sbin'
sharedstatedir='${prefix}/com'
sysconfdir='${prefix}/etc'
target_alias=''

## ----------- ##
## confdefs.h. ##
## ----------- ##

#define PACKAGE_NAME ""
#define PACKAGE_TARNAME ""
#define PACKAGE_VERSION ""
#define PACKAGE_STRING ""
#define PACKAGE_BUGREPORT ""

configure: exit 0
