\BOOKMARK [0][-]{section*.1}{Attribution}{}
\BOOKMARK [0][-]{chapter*.2}{Attribution}{}
\BOOKMARK [0][-]{id2408201}{Contents}{}
\BOOKMARK [-1][-]{part.1}{Part I Introduction to SMB networks}{}
\BOOKMARK [0][-]{chapter.1}{Chapter 1 The SMB/CIFS protocol}{part.1}
\BOOKMARK [1][-]{section.1.1}{1.1 History}{chapter.1}
\BOOKMARK [2][-]{subsection.1.1.1}{1.1.1 Invention by IBM}{section.1.1}
\BOOKMARK [2][-]{subsection.1.1.2}{1.1.2 The various incarnations of SMB}{section.1.1}
\BOOKMARK [3][-]{subsubsection.1.1.2.1}{1.1.2.1 DOS}{subsection.1.1.2}
\BOOKMARK [3][-]{subsubsection.1.1.2.2}{1.1.2.2 Windows For Workgroups}{subsection.1.1.2}
\BOOKMARK [3][-]{subsubsection.1.1.2.3}{1.1.2.3 Windows NT}{subsection.1.1.2}
\BOOKMARK [3][-]{subsubsection.1.1.2.4}{1.1.2.4 Windows 2000}{subsection.1.1.2}
\BOOKMARK [2][-]{subsection.1.1.3}{1.1.3 Samba versions and their support for the SMB models}{section.1.1}
\BOOKMARK [3][-]{subsubsection.1.1.3.1}{1.1.3.1 Samba 2.2}{subsection.1.1.3}
\BOOKMARK [3][-]{subsubsection.1.1.3.2}{1.1.3.2 Samba 3.0}{subsection.1.1.3}
\BOOKMARK [3][-]{subsubsection.1.1.3.3}{1.1.3.3 Samba 3.2}{subsection.1.1.3}
\BOOKMARK [3][-]{subsubsection.1.1.3.4}{1.1.3.4 Samba 4.0}{subsection.1.1.3}
\BOOKMARK [0][-]{chapter.2}{Chapter 2 Samba}{part.1}
\BOOKMARK [1][-]{section.2.1}{2.1 Samba 2.2}{chapter.2}
\BOOKMARK [1][-]{section.2.2}{2.2 Samba 3.0}{chapter.2}
\BOOKMARK [1][-]{section.2.3}{2.3 Samba 3.2}{chapter.2}
\BOOKMARK [1][-]{section.2.4}{2.4 Samba 4.0}{chapter.2}
\BOOKMARK [-1][-]{part.2}{Part II Samba 4 Basics}{}
\BOOKMARK [0][-]{chapter.3}{Chapter 3 Configuration}{part.2}
\BOOKMARK [0][-]{chapter.4}{Chapter 4 chapter}{part.2}
\BOOKMARK [-1][-]{part.3}{Part III Network model}{}
\BOOKMARK [-1][-]{part.4}{Part IV Network Model: Share-based security}{}
\BOOKMARK [0][-]{chapter.5}{Chapter 5 Share-based stand-alone server}{part.4}
\BOOKMARK [-1][-]{part.5}{Part V Network Model: User-based security}{}
\BOOKMARK [0][-]{chapter.6}{Chapter 6 User-based Stand-alone server}{part.5}
\BOOKMARK [-1][-]{part.6}{Part VI Network Model: NT4-style domains}{}
\BOOKMARK [0][-]{chapter.7}{Chapter 7 chapter}{part.6}
\BOOKMARK [0][-]{chapter.8}{Chapter 8 Backup Domain Controller}{part.6}
\BOOKMARK [0][-]{chapter.9}{Chapter 9 chapter}{part.6}
\BOOKMARK [-1][-]{part.7}{Part VII Network Model - Active Directory}{}
\BOOKMARK [0][-]{chapter.10}{Chapter 10 Active Directory - Domain Controller}{part.7}
\BOOKMARK [0][-]{chapter.11}{Chapter 11 Active Directory - Member}{part.7}
\BOOKMARK [-1][-]{part.8}{Part VIII Common services}{}
\BOOKMARK [0][-]{chapter.12}{Chapter 12 chapter}{part.8}
\BOOKMARK [0][-]{chapter.13}{Chapter 13 Printing}{part.8}
\BOOKMARK [1][-]{section.13.1}{13.1 Unix printing types}{chapter.13}
\BOOKMARK [0][-]{chapter.14}{Chapter 14 Authentication}{part.8}
\BOOKMARK [0][-]{chapter.15}{Chapter 15 Registry}{part.8}
\BOOKMARK [-1][-]{part.9}{Part IX Clients}{}
\BOOKMARK [0][-]{chapter.16}{Chapter 16 smbclient}{part.9}
\BOOKMARK [0][-]{chapter.17}{Chapter 17 CIFSFS}{part.9}
\BOOKMARK [0][-]{chapter.18}{Chapter 18 chapter}{part.9}
\BOOKMARK [-1][-]{part.10}{Part X Appendices}{}
\BOOKMARK [0][-]{chapter.19}{Chapter 19 Compiling}{part.10}
\BOOKMARK [1][-]{section.19.1}{19.1 Downloading the source - Tar Ball}{chapter.19}
\BOOKMARK [1][-]{section.19.2}{19.2 Downloading the source - Subversion}{chapter.19}
\BOOKMARK [1][-]{section.19.3}{19.3 Compiling the source}{chapter.19}
\BOOKMARK [1][-]{section.19.4}{19.4 Installing}{chapter.19}
\BOOKMARK [0][-]{section.19.4}{List of Figures}{part.10}
\BOOKMARK [0][-]{chapter*.4}{List of Tables}{part.10}
\BOOKMARK [0][-]{chapter*.5}{SUBJECT INDEX}{part.10}
